Library/Bee/Android/Prj/Mono2x/Gradle/unityLibrary/build/intermediates/manifest_merge_blame_file/release/manifest-merger-blame-release-report.txt
1<?xml version="1.0" encoding="utf-8"?>
2<manifest xmlns:android="http://schemas.android.com/apk/res/android"
3    xmlns:tools="http://schemas.android.com/tools"
4    package="com.unity3d.player" >
5
6    <uses-sdk
7        android:minSdkVersion="22"
7-->src\main\AndroidManifest.xml
8        android:targetSdkVersion="32" />
8-->src\main\AndroidManifest.xml
9
10    <uses-permission android:name="android.permission.INTERNET" />
10-->src\main\AndroidManifest.xml:3:3-65
10-->src\main\AndroidManifest.xml:3:20-62
11    <uses-permission android:name="android.permission.ACCESS_NETWORK_STATE" />
11-->src\main\AndroidManifest.xml:4:3-77
11-->src\main\AndroidManifest.xml:4:20-74
12    <uses-permission android:name="android.permission.CAMERA" />
12-->src\main\AndroidManifest.xml:5:3-63
12-->src\main\AndroidManifest.xml:5:20-60
13    <uses-permission android:name="android.permission.RECORD_AUDIO" />
13-->src\main\AndroidManifest.xml:6:3-69
13-->src\main\AndroidManifest.xml:6:20-66
14    <uses-permission android:name="android.permission.MODIFY_AUDIO_SETTINGS" />
14-->src\main\AndroidManifest.xml:7:3-78
14-->src\main\AndroidManifest.xml:7:20-75
15    <uses-permission android:name="android.permission.BLUETOOTH" />
15-->src\main\AndroidManifest.xml:8:3-66
15-->src\main\AndroidManifest.xml:8:20-63
16
17    <uses-feature android:glEsVersion="0x00030000" />
17-->src\main\AndroidManifest.xml:9:3-52
17-->src\main\AndroidManifest.xml:9:17-49
18    <uses-feature
18-->src\main\AndroidManifest.xml:10:3-83
19        android:name="android.hardware.camera"
19-->src\main\AndroidManifest.xml:10:17-55
20        android:required="false" />
20-->src\main\AndroidManifest.xml:10:56-80
21    <uses-feature
21-->src\main\AndroidManifest.xml:11:3-93
22        android:name="android.hardware.camera.autofocus"
22-->src\main\AndroidManifest.xml:11:17-65
23        android:required="false" />
23-->src\main\AndroidManifest.xml:11:66-90
24    <uses-feature
24-->src\main\AndroidManifest.xml:12:3-89
25        android:name="android.hardware.camera.front"
25-->src\main\AndroidManifest.xml:12:17-61
26        android:required="false" />
26-->src\main\AndroidManifest.xml:12:62-86
27    <uses-feature
27-->src\main\AndroidManifest.xml:13:3-87
28        android:name="android.hardware.microphone"
28-->src\main\AndroidManifest.xml:13:17-59
29        android:required="false" />
29-->src\main\AndroidManifest.xml:13:60-84
30    <uses-feature
30-->src\main\AndroidManifest.xml:14:3-88
31        android:name="android.hardware.touchscreen"
31-->src\main\AndroidManifest.xml:14:17-60
32        android:required="false" />
32-->src\main\AndroidManifest.xml:14:61-85
33    <uses-feature
33-->src\main\AndroidManifest.xml:15:3-99
34        android:name="android.hardware.touchscreen.multitouch"
34-->src\main\AndroidManifest.xml:15:17-71
35        android:required="false" />
35-->src\main\AndroidManifest.xml:15:72-96
36    <uses-feature
36-->src\main\AndroidManifest.xml:16:3-108
37        android:name="android.hardware.touchscreen.multitouch.distinct"
37-->src\main\AndroidManifest.xml:16:17-80
38        android:required="false" />
38-->src\main\AndroidManifest.xml:16:81-105
39
40    <application android:extractNativeLibs="true" >
40-->src\main\AndroidManifest.xml:17:3-31:17
40-->src\main\AndroidManifest.xml:17:16-48
41        <meta-data
41-->src\main\AndroidManifest.xml:18:5-69
42            android:name="unity.splash-mode"
42-->src\main\AndroidManifest.xml:18:16-48
43            android:value="0" />
43-->src\main\AndroidManifest.xml:18:49-66
44        <meta-data
44-->src\main\AndroidManifest.xml:19:5-74
45            android:name="unity.splash-enable"
45-->src\main\AndroidManifest.xml:19:16-50
46            android:value="True" />
46-->src\main\AndroidManifest.xml:19:51-71
47        <meta-data
47-->src\main\AndroidManifest.xml:20:5-78
48            android:name="unity.launch-fullscreen"
48-->src\main\AndroidManifest.xml:20:16-54
49            android:value="True" />
49-->src\main\AndroidManifest.xml:20:55-75
50        <meta-data
50-->src\main\AndroidManifest.xml:21:5-81
51            android:name="notch.config"
51-->src\main\AndroidManifest.xml:21:16-43
52            android:value="portrait|landscape" />
52-->src\main\AndroidManifest.xml:21:44-78
53        <meta-data
53-->src\main\AndroidManifest.xml:22:5-84
54            android:name="unity.auto-report-fully-drawn"
54-->src\main\AndroidManifest.xml:22:16-60
55            android:value="true" />
55-->src\main\AndroidManifest.xml:22:61-81
56
57        <activity
57-->src\main\AndroidManifest.xml:23:5-30:16
58            android:name="com.unity3d.player.UnityPlayerActivity"
58-->src\main\AndroidManifest.xml:23:15-68
59            android:configChanges="mcc|mnc|locale|touchscreen|keyboard|keyboardHidden|navigation|orientation|screenLayout|uiMode|screenSize|smallestScreenSize|fontScale|layoutDirection|density"
59-->src\main\AndroidManifest.xml:23:180-361
60            android:exported="true"
60-->src\main\AndroidManifest.xml:23:433-456
61            android:hardwareAccelerated="false"
61-->src\main\AndroidManifest.xml:23:397-432
62            android:launchMode="singleTask"
62-->src\main\AndroidManifest.xml:23:148-179
63            android:resizeableActivity="false"
63-->src\main\AndroidManifest.xml:23:362-396
64            android:screenOrientation="fullUser"
64-->src\main\AndroidManifest.xml:23:111-147
65            android:theme="@style/UnityThemeSelector" >
65-->src\main\AndroidManifest.xml:23:69-110
66            <intent-filter>
66-->src\main\AndroidManifest.xml:24:7-27:23
67                <category android:name="android.intent.category.LAUNCHER" />
67-->src\main\AndroidManifest.xml:25:9-69
67-->src\main\AndroidManifest.xml:25:19-66
68
69                <action android:name="android.intent.action.MAIN" />
69-->src\main\AndroidManifest.xml:26:9-61
69-->src\main\AndroidManifest.xml:26:17-58
70            </intent-filter>
71
72            <meta-data
72-->src\main\AndroidManifest.xml:28:7-82
73                android:name="unityplayer.UnityActivity"
73-->src\main\AndroidManifest.xml:28:18-58
74                android:value="true" />
74-->src\main\AndroidManifest.xml:28:59-79
75            <meta-data
75-->src\main\AndroidManifest.xml:29:7-70
76                android:name="notch_support"
76-->src\main\AndroidManifest.xml:29:18-46
77                android:value="true" />
77-->src\main\AndroidManifest.xml:29:47-67
78        </activity>
79    </application>
80
81</manifest>